0 info it worked if it ends with ok
1 verbose cli [ 'C:\\Program Files\\nodejs\\\\node.exe',
1 verbose cli   'C:\\Program Files\\nodejs\\node_modules\\npm\\bin\\npm-cli.js',
1 verbose cli   'i',
1 verbose cli   'dateformat' ]
2 info using npm@2.11.3
3 info using node@v0.12.7
4 verbose install initial load of E:\webserver\site\laravel\node\package.json
5 warn package.json messager@1.0.0 No repository field.
6 warn package.json messager@1.0.0 No README data
7 verbose installManyTop reading scoped package data from E:\webserver\site\laravel\node\node_modules\ioredis\package.json
8 verbose installManyTop reading scoped package data from E:\webserver\site\laravel\node\node_modules\mysql\package.json
9 verbose installManyTop reading scoped package data from E:\webserver\site\laravel\node\node_modules\socket.io\package.json
10 info package.json socket.io@1.3.5 No license field.
11 verbose readDependencies loading dependencies from E:\webserver\site\laravel\node\package.json
12 silly cache add args [ 'dateformat', null ]
13 verbose cache add spec dateformat
14 silly cache add parsed spec { raw: 'dateformat',
14 silly cache add   scope: null,
14 silly cache add   name: 'dateformat',
14 silly cache add   rawSpec: '',
14 silly cache add   spec: '*',
14 silly cache add   type: 'range' }
15 silly addNamed dateformat@*
16 verbose addNamed "*" is a valid semver range for dateformat
17 silly addNameRange { name: 'dateformat', range: '*', hasData: false }
18 silly mapToRegistry name dateformat
19 silly mapToRegistry using default registry
20 silly mapToRegistry registry https://registry.npmjs.org/
21 silly mapToRegistry uri https://registry.npmjs.org/dateformat
22 verbose addNameRange registry:https://registry.npmjs.org/dateformat not in flight; fetching
23 verbose request uri https://registry.npmjs.org/dateformat
24 verbose request no auth needed
25 info attempt registry request try #1 at 09:22:55
26 verbose request id f9586ee8ee5a3040
27 http request GET https://registry.npmjs.org/dateformat
28 info retry will retry, error on last attempt: Error: getaddrinfo ENOTFOUND registry.npmjs.org
29 info attempt registry request try #2 at 09:23:17
30 http request GET https://registry.npmjs.org/dateformat
31 info retry will retry, error on last attempt: Error: getaddrinfo ENOTFOUND registry.npmjs.org
32 info attempt registry request try #3 at 09:24:29
33 http request GET https://registry.npmjs.org/dateformat
34 verbose stack Error: getaddrinfo ENOTFOUND registry.npmjs.org
34 verbose stack     at errnoException (dns.js:44:10)
34 verbose stack     at GetAddrInfoReqWrap.onlookup [as oncomplete] (dns.js:94:26)
35 verbose cwd E:\webserver\site\laravel\node
36 error Windows_NT 6.1.7600
37 error argv "C:\\Program Files\\nodejs\\\\node.exe" "C:\\Program Files\\nodejs\\node_modules\\npm\\bin\\npm-cli.js" "i" "dateformat"
38 error node v0.12.7
39 error npm  v2.11.3
40 error code ENOTFOUND
41 error errno ENOTFOUND
42 error syscall getaddrinfo
43 error network getaddrinfo ENOTFOUND registry.npmjs.org
43 error network This is most likely not a problem with npm itself
43 error network and is related to network connectivity.
43 error network In most cases you are behind a proxy or have bad network settings.
43 error network
43 error network If you are behind a proxy, please make sure that the
43 error network 'proxy' config is set properly.  See: 'npm help config'
44 verbose exit [ 1, true ]
